Analysis & Synthesis report for blink_block_mem
Mon Oct 31 09:32:54 2022
Quartus Prime Version 18.1.0 Build 625 09/12/2018 SJ Standard Edition


---------------------
; Table of Contents ;
---------------------
  1. Legal Notice
  2. Analysis & Synthesis Summary
  3. Analysis & Synthesis Settings
  4. Parallel Compilation
  5. Analysis & Synthesis Source Files Read
  6. Analysis & Synthesis Resource Usage Summary
  7. Analysis & Synthesis Resource Utilization by Entity
  8. Analysis & Synthesis RAM Summary
  9. Analysis & Synthesis IP Cores Summary
 10. Registers Removed During Synthesis
 11. General Register Statistics
 12. Inverted Register Statistics
 13. Multiplexer Restructuring Statistics (Restructuring Performed)
 14. Source assignments for blink_block_mem:uut|blink_rom:rom_inst|altsyncram:altsyncram_component|altsyncram_ne44:auto_generated|altsyncram_mq43:altsyncram1
 15. Parameter Settings for User Entity Instance: blink_block_mem:uut
 16. Parameter Settings for User Entity Instance: blink_block_mem:uut|blink_rom:rom_inst|altsyncram:altsyncram_component
 17. Parameter Settings for User Entity Instance: blink_block_mem:uut|generic_counter:generic_counter_inst
 18. altsyncram Parameter Settings by Entity Instance
 19. In-System Memory Content Editor Settings
 20. Post-Synthesis Netlist Statistics for Top Partition
 21. Post-Synthesis Netlist Statistics for Partition sld_hub:auto_hub
 22. Elapsed Time Per Partition
 23. Analysis & Synthesis Messages



----------------
; Legal Notice ;
----------------
Copyright (C) 2018  Intel Corporation. All rights reserved.
Your use of Intel Corporation's design tools, logic functions 
and other software and tools, and its AMPP partner logic 
functions, and any output files from any of the foregoing 
(including device programming or simulation files), and any 
associated documentation or information are expressly subject 
to the terms and conditions of the Intel Program License 
Subscription Agreement, the Intel Quartus Prime License Agreement,
the Intel FPGA IP License Agreement, or other applicable license
agreement, including, without limitation, that your use is for
the sole purpose of programming logic devices manufactured by
Intel and sold by Intel or its authorized distributors.  Please
refer to the applicable agreement for further details.



+-----------------------------------------------------------------------------------+
; Analysis & Synthesis Summary                                                      ;
+---------------------------------+-------------------------------------------------+
; Analysis & Synthesis Status     ; Successful - Mon Oct 31 09:32:54 2022           ;
; Quartus Prime Version           ; 18.1.0 Build 625 09/12/2018 SJ Standard Edition ;
; Revision Name                   ; blink_block_mem                                 ;
; Top-level Entity Name           ; top                                             ;
; Family                          ; Cyclone V                                       ;
; Logic utilization (in ALMs)     ; N/A                                             ;
; Total registers                 ; 146                                             ;
; Total pins                      ; 9                                               ;
; Total virtual pins              ; 0                                               ;
; Total block memory bits         ; 128                                             ;
; Total DSP Blocks                ; 0                                               ;
; Total HSSI RX PCSs              ; 0                                               ;
; Total HSSI PMA RX Deserializers ; 0                                               ;
; Total HSSI TX PCSs              ; 0                                               ;
; Total HSSI PMA TX Serializers   ; 0                                               ;
; Total PLLs                      ; 0                                               ;
; Total DLLs                      ; 0                                               ;
+---------------------------------+-------------------------------------------------+


+---------------------------------------------------------------------------------------------------------------------------+
; Analysis & Synthesis Settings                                                                                             ;
+---------------------------------------------------------------------------------+--------------------+--------------------+
; Option                                                                          ; Setting            ; Default Value      ;
+---------------------------------------------------------------------------------+--------------------+--------------------+
; Device                                                                          ; 5CSEMA5F31C6       ;                    ;
; Top-level entity name                                                           ; top                ; blink_block_mem    ;
; Family name                                                                     ; Cyclone V          ; Cyclone V          ;
; Use smart compilation                                                           ; Off                ; Off                ;
; Enable parallel Assembler and Timing Analyzer during compilation                ; On                 ; On                 ;
; Enable compact report table                                                     ; Off                ; Off                ;
; Restructure Multiplexers                                                        ; Auto               ; Auto               ;
; MLAB Add Timing Constraints For Mixed-Port Feed-Through Mode Setting Don't Care ; Off                ; Off                ;
; Create Debugging Nodes for IP Cores                                             ; Off                ; Off                ;
; Preserve fewer node names                                                       ; On                 ; On                 ;
; Intel FPGA IP Evaluation Mode                                                   ; Enable             ; Enable             ;
; Verilog Version                                                                 ; Verilog_2001       ; Verilog_2001       ;
; VHDL Version                                                                    ; VHDL_1993          ; VHDL_1993          ;
; State Machine Processing                                                        ; Auto               ; Auto               ;
; Safe State Machine                                                              ; Off                ; Off                ;
; Extract Verilog State Machines                                                  ; On                 ; On                 ;
; Extract VHDL State Machines                                                     ; On                 ; On                 ;
; Ignore Verilog initial constructs                                               ; Off                ; Off                ;
; Iteration limit for constant Verilog loops                                      ; 5000               ; 5000               ;
; Iteration limit for non-constant Verilog loops                                  ; 250                ; 250                ;
; Add Pass-Through Logic to Inferred RAMs                                         ; On                 ; On                 ;
; Infer RAMs from Raw Logic                                                       ; On                 ; On                 ;
; Parallel Synthesis                                                              ; On                 ; On                 ;
; DSP Block Balancing                                                             ; Auto               ; Auto               ;
; NOT Gate Push-Back                                                              ; On                 ; On                 ;
; Power-Up Don't Care                                                             ; On                 ; On                 ;
; Remove Redundant Logic Cells                                                    ; Off                ; Off                ;
; Remove Duplicate Registers                                                      ; On                 ; On                 ;
; Ignore CARRY Buffers                                                            ; Off                ; Off                ;
; Ignore CASCADE Buffers                                                          ; Off                ; Off                ;
; Ignore GLOBAL Buffers                                                           ; Off                ; Off                ;
; Ignore ROW GLOBAL Buffers                                                       ; Off                ; Off                ;
; Ignore LCELL Buffers                                                            ; Off                ; Off                ;
; Ignore SOFT Buffers                                                             ; On                 ; On                 ;
; Limit AHDL Integers to 32 Bits                                                  ; Off                ; Off                ;
; Optimization Technique                                                          ; Balanced           ; Balanced           ;
; Carry Chain Length                                                              ; 70                 ; 70                 ;
; Auto Carry Chains                                                               ; On                 ; On                 ;
; Auto Open-Drain Pins                                                            ; On                 ; On                 ;
; Perform WYSIWYG Primitive Resynthesis                                           ; Off                ; Off                ;
; Auto ROM Replacement                                                            ; On                 ; On                 ;
; Auto RAM Replacement                                                            ; On                 ; On                 ;
; Auto DSP Block Replacement                                                      ; On                 ; On                 ;
; Auto Shift Register Replacement                                                 ; Auto               ; Auto               ;
; Allow Shift Register Merging across Hierarchies                                 ; Auto               ; Auto               ;
; Auto Clock Enable Replacement                                                   ; On                 ; On                 ;
; Strict RAM Replacement                                                          ; Off                ; Off                ;
; Allow Synchronous Control Signals                                               ; On                 ; On                 ;
; Force Use of Synchronous Clear Signals                                          ; Off                ; Off                ;
; Auto Resource Sharing                                                           ; Off                ; Off                ;
; Allow Any RAM Size For Recognition                                              ; Off                ; Off                ;
; Allow Any ROM Size For Recognition                                              ; Off                ; Off                ;
; Allow Any Shift Register Size For Recognition                                   ; Off                ; Off                ;
; Use LogicLock Constraints during Resource Balancing                             ; On                 ; On                 ;
; Ignore translate_off and synthesis_off directives                               ; Off                ; Off                ;
; Timing-Driven Synthesis                                                         ; On                 ; On                 ;
; Report Parameter Settings                                                       ; On                 ; On                 ;
; Report Source Assignments                                                       ; On                 ; On                 ;
; Report Connectivity Checks                                                      ; On                 ; On                 ;
; Ignore Maximum Fan-Out Assignments                                              ; Off                ; Off                ;
; Synchronization Register Chain Length                                           ; 3                  ; 3                  ;
; Power Optimization During Synthesis                                             ; Normal compilation ; Normal compilation ;
; HDL message level                                                               ; Level2             ; Level2             ;
; Suppress Register Optimization Related Messages                                 ; Off                ; Off                ;
; Number of Removed Registers Reported in Synthesis Report                        ; 5000               ; 5000               ;
; Number of Swept Nodes Reported in Synthesis Report                              ; 5000               ; 5000               ;
; Number of Inverted Registers Reported in Synthesis Report                       ; 100                ; 100                ;
; Clock MUX Protection                                                            ; On                 ; On                 ;
; Auto Gated Clock Conversion                                                     ; Off                ; Off                ;
; Block Design Naming                                                             ; Auto               ; Auto               ;
; SDC constraint protection                                                       ; Off                ; Off                ;
; Synthesis Effort                                                                ; Auto               ; Auto               ;
; Shift Register Replacement - Allow Asynchronous Clear Signal                    ; On                 ; On                 ;
; Pre-Mapping Resynthesis Optimization                                            ; Off                ; Off                ;
; Analysis & Synthesis Message Level                                              ; Medium             ; Medium             ;
; Disable Register Merging Across Hierarchies                                     ; Auto               ; Auto               ;
; Resource Aware Inference For Block RAM                                          ; On                 ; On                 ;
; Automatic Parallel Synthesis                                                    ; On                 ; On                 ;
; Partial Reconfiguration Bitstream ID                                            ; Off                ; Off                ;
+---------------------------------------------------------------------------------+--------------------+--------------------+


+------------------------------------------+
; Parallel Compilation                     ;
+----------------------------+-------------+
; Processors                 ; Number      ;
+----------------------------+-------------+
; Number detected on machine ; 20          ;
; Maximum allowed            ; 10          ;
;                            ;             ;
; Average used               ; 1.00        ;
; Maximum used               ; 10          ;
;                            ;             ;
; Usage by Processor         ; % Time Used ;
;     Processor 1            ; 100.0%      ;
;     Processors 2-10        ;   0.0%      ;
+----------------------------+-------------+


+------------------------------------------------------------------------------------------------------------------------------------------------------------------------------------------------------------------------------------------------------------------------------------+
; Analysis & Synthesis Source Files Read                                                                                                                                                                                                                                             ;
+--------------------------------------------------------------------+-----------------+----------------------------------------------+--------------------------------------------------------------------------------------------------------------------------------+-------------+
; File Name with User-Entered Path                                   ; Used in Netlist ; File Type                                    ; File Name with Absolute Path                                                                                                   ; Library     ;
+--------------------------------------------------------------------+-----------------+----------------------------------------------+--------------------------------------------------------------------------------------------------------------------------------+-------------+
; ../../src/rom/blink_rom.vhd                                        ; yes             ; User Wizard-Generated File                   ; S:/Documents/CPET343/Lab7/toPost/blink_block_mem/src/rom/blink_rom.vhd                                                         ;             ;
; ../../src/generic_counter.vhd                                      ; yes             ; User VHDL File                               ; S:/Documents/CPET343/Lab7/toPost/blink_block_mem/src/generic_counter.vhd                                                       ;             ;
; ../../src/seven_seg.vhd                                            ; yes             ; User VHDL File                               ; S:/Documents/CPET343/Lab7/toPost/blink_block_mem/src/seven_seg.vhd                                                             ;             ;
; ../../src/blink_block_mem.vhd                                      ; yes             ; User VHDL File                               ; S:/Documents/CPET343/Lab7/toPost/blink_block_mem/src/blink_block_mem.vhd                                                       ;             ;
; ../../src/top.vhd                                                  ; yes             ; User VHDL File                               ; S:/Documents/CPET343/Lab7/toPost/blink_block_mem/src/top.vhd                                                                   ;             ;
; altsyncram.tdf                                                     ; yes             ; Megafunction                                 ; c:/intelfpga/18.1/quartus/libraries/megafunctions/altsyncram.tdf                                                               ;             ;
; stratix_ram_block.inc                                              ; yes             ; Megafunction                                 ; c:/intelfpga/18.1/quartus/libraries/megafunctions/stratix_ram_block.inc                                                        ;             ;
; lpm_mux.inc                                                        ; yes             ; Megafunction                                 ; c:/intelfpga/18.1/quartus/libraries/megafunctions/lpm_mux.inc                                                                  ;             ;
; lpm_decode.inc                                                     ; yes             ; Megafunction                                 ; c:/intelfpga/18.1/quartus/libraries/megafunctions/lpm_decode.inc                                                               ;             ;
; aglobal181.inc                                                     ; yes             ; Megafunction                                 ; c:/intelfpga/18.1/quartus/libraries/megafunctions/aglobal181.inc                                                               ;             ;
; a_rdenreg.inc                                                      ; yes             ; Megafunction                                 ; c:/intelfpga/18.1/quartus/libraries/megafunctions/a_rdenreg.inc                                                                ;             ;
; altrom.inc                                                         ; yes             ; Megafunction                                 ; c:/intelfpga/18.1/quartus/libraries/megafunctions/altrom.inc                                                                   ;             ;
; altram.inc                                                         ; yes             ; Megafunction                                 ; c:/intelfpga/18.1/quartus/libraries/megafunctions/altram.inc                                                                   ;             ;
; altdpram.inc                                                       ; yes             ; Megafunction                                 ; c:/intelfpga/18.1/quartus/libraries/megafunctions/altdpram.inc                                                                 ;             ;
; db/altsyncram_ne44.tdf                                             ; yes             ; Auto-Generated Megafunction                  ; S:/Documents/CPET343/Lab7/toPost/blink_block_mem/hw/project/db/altsyncram_ne44.tdf                                             ;             ;
; db/altsyncram_mq43.tdf                                             ; yes             ; Auto-Generated Megafunction                  ; S:/Documents/CPET343/Lab7/toPost/blink_block_mem/hw/project/db/altsyncram_mq43.tdf                                             ;             ;
; ../../sim/script/blink.mif                                         ; yes             ; Auto-Found Memory Initialization File        ; S:/Documents/CPET343/Lab7/toPost/blink_block_mem/sim/script/blink.mif                                                          ;             ;
; sld_mod_ram_rom.vhd                                                ; yes             ; Encrypted Megafunction                       ; c:/intelfpga/18.1/quartus/libraries/megafunctions/sld_mod_ram_rom.vhd                                                          ;             ;
; sld_jtag_endpoint_adapter.vhd                                      ; yes             ; Encrypted Megafunction                       ; c:/intelfpga/18.1/quartus/libraries/megafunctions/sld_jtag_endpoint_adapter.vhd                                                ;             ;
; sld_jtag_endpoint_adapter_impl.sv                                  ; yes             ; Encrypted Megafunction                       ; c:/intelfpga/18.1/quartus/libraries/megafunctions/sld_jtag_endpoint_adapter_impl.sv                                            ;             ;
; sld_rom_sr.vhd                                                     ; yes             ; Encrypted Megafunction                       ; c:/intelfpga/18.1/quartus/libraries/megafunctions/sld_rom_sr.vhd                                                               ;             ;
; sld_hub.vhd                                                        ; yes             ; Encrypted Megafunction                       ; c:/intelfpga/18.1/quartus/libraries/megafunctions/sld_hub.vhd                                                                  ; altera_sld  ;
; db/ip/sld0fcde87f/alt_sld_fab.v                                    ; yes             ; Encrypted Auto-Found Verilog HDL File        ; S:/Documents/CPET343/Lab7/toPost/blink_block_mem/hw/project/db/ip/sld0fcde87f/alt_sld_fab.v                                    ; alt_sld_fab ;
; db/ip/sld0fcde87f/submodules/alt_sld_fab_alt_sld_fab.v             ; yes             ; Encrypted Auto-Found Verilog HDL File        ; S:/Documents/CPET343/Lab7/toPost/blink_block_mem/hw/project/db/ip/sld0fcde87f/submodules/alt_sld_fab_alt_sld_fab.v             ; alt_sld_fab ;
; db/ip/sld0fcde87f/submodules/alt_sld_fab_alt_sld_fab_ident.sv      ; yes             ; Auto-Found SystemVerilog HDL File            ; S:/Documents/CPET343/Lab7/toPost/blink_block_mem/hw/project/db/ip/sld0fcde87f/submodules/alt_sld_fab_alt_sld_fab_ident.sv      ; alt_sld_fab ;
; db/ip/sld0fcde87f/submodules/alt_sld_fab_alt_sld_fab_presplit.sv   ; yes             ; Encrypted Auto-Found SystemVerilog HDL File  ; S:/Documents/CPET343/Lab7/toPost/blink_block_mem/hw/project/db/ip/sld0fcde87f/submodules/alt_sld_fab_alt_sld_fab_presplit.sv   ; alt_sld_fab ;
; db/ip/sld0fcde87f/submodules/alt_sld_fab_alt_sld_fab_sldfabric.vhd ; yes             ; Encrypted Auto-Found VHDL File               ; S:/Documents/CPET343/Lab7/toPost/blink_block_mem/hw/project/db/ip/sld0fcde87f/submodules/alt_sld_fab_alt_sld_fab_sldfabric.vhd ; alt_sld_fab ;
; db/ip/sld0fcde87f/submodules/alt_sld_fab_alt_sld_fab_splitter.sv   ; yes             ; Encrypted Auto-Found SystemVerilog HDL File  ; S:/Documents/CPET343/Lab7/toPost/blink_block_mem/hw/project/db/ip/sld0fcde87f/submodules/alt_sld_fab_alt_sld_fab_splitter.sv   ; alt_sld_fab ;
; sld_jtag_hub.vhd                                                   ; yes             ; Encrypted Megafunction                       ; c:/intelfpga/18.1/quartus/libraries/megafunctions/sld_jtag_hub.vhd                                                             ;             ;
+--------------------------------------------------------------------+-----------------+----------------------------------------------+--------------------------------------------------------------------------------------------------------------------------------+-------------+


+------------------------------------------------------------------------+
; Analysis & Synthesis Resource Usage Summary                            ;
+---------------------------------------------+--------------------------+
; Resource                                    ; Usage                    ;
+---------------------------------------------+--------------------------+
; Estimate of Logic utilization (ALMs needed) ; 110                      ;
;                                             ;                          ;
; Combinational ALUT usage for logic          ; 183                      ;
;     -- 7 input functions                    ; 2                        ;
;     -- 6 input functions                    ; 30                       ;
;     -- 5 input functions                    ; 34                       ;
;     -- 4 input functions                    ; 29                       ;
;     -- <=3 input functions                  ; 88                       ;
;                                             ;                          ;
; Dedicated logic registers                   ; 146                      ;
;                                             ;                          ;
; I/O pins                                    ; 9                        ;
; Total MLAB memory bits                      ; 0                        ;
; Total block memory bits                     ; 128                      ;
;                                             ;                          ;
; Total DSP Blocks                            ; 0                        ;
;                                             ;                          ;
; Maximum fan-out node                        ; altera_internal_jtag~TDO ;
; Maximum fan-out                             ; 144                      ;
; Total fan-out                               ; 1240                     ;
; Average fan-out                             ; 3.44                     ;
+---------------------------------------------+--------------------------+


+-------------------------------------------------------------------------------------------------------------------------------------------------------------------------------------------------------------------------------------------------------------------------------------------------------------------------------------------------------------------------------------------------------------------------------------------------------------------------------------------------------------------------------------------------------------------------------------------------------------------------------------------------------+
; Analysis & Synthesis Resource Utilization by Entity                                                                                                                                                                                                                                                                                                                                                                                                                                                                                                                                                                                                   ;
+-----------------------------------------------------------------------------------------------------------------------------------------+---------------------+---------------------------+-------------------+------------+------+--------------+-------------------------------------------------------------------------------------------------------------------------------------------------------------------------------------------------------------------------------------------------------------------------------------------------------------------------------------------------+-----------------------------------+--------------+
; Compilation Hierarchy Node                                                                                                              ; Combinational ALUTs ; Dedicated Logic Registers ; Block Memory Bits ; DSP Blocks ; Pins ; Virtual Pins ; Full Hierarchy Name                                                                                                                                                                                                                                                                                                                             ; Entity Name                       ; Library Name ;
+-----------------------------------------------------------------------------------------------------------------------------------------+---------------------+---------------------------+-------------------+------------+------+--------------+-------------------------------------------------------------------------------------------------------------------------------------------------------------------------------------------------------------------------------------------------------------------------------------------------------------------------------------------------+-----------------------------------+--------------+
; |top                                                                                                                                    ; 183 (2)             ; 146 (0)                   ; 128               ; 0          ; 9    ; 0            ; |top                                                                                                                                                                                                                                                                                                                                            ; top                               ; work         ;
;    |blink_block_mem:uut|                                                                                                                ; 82 (5)              ; 59 (5)                    ; 128               ; 0          ; 0    ; 0            ; |top|blink_block_mem:uut                                                                                                                                                                                                                                                                                                                        ; blink_block_mem                   ; work         ;
;       |blink_rom:rom_inst|                                                                                                              ; 39 (0)              ; 27 (0)                    ; 128               ; 0          ; 0    ; 0            ; |top|blink_block_mem:uut|blink_rom:rom_inst                                                                                                                                                                                                                                                                                                     ; blink_rom                         ; work         ;
;          |altsyncram:altsyncram_component|                                                                                              ; 39 (0)              ; 27 (0)                    ; 128               ; 0          ; 0    ; 0            ; |top|blink_block_mem:uut|blink_rom:rom_inst|altsyncram:altsyncram_component                                                                                                                                                                                                                                                                     ; altsyncram                        ; work         ;
;             |altsyncram_ne44:auto_generated|                                                                                            ; 39 (0)              ; 27 (0)                    ; 128               ; 0          ; 0    ; 0            ; |top|blink_block_mem:uut|blink_rom:rom_inst|altsyncram:altsyncram_component|altsyncram_ne44:auto_generated                                                                                                                                                                                                                                      ; altsyncram_ne44                   ; work         ;
;                |altsyncram_mq43:altsyncram1|                                                                                            ; 0 (0)               ; 0 (0)                     ; 128               ; 0          ; 0    ; 0            ; |top|blink_block_mem:uut|blink_rom:rom_inst|altsyncram:altsyncram_component|altsyncram_ne44:auto_generated|altsyncram_mq43:altsyncram1                                                                                                                                                                                                          ; altsyncram_mq43                   ; work         ;
;                |sld_mod_ram_rom:mgl_prim2|                                                                                              ; 39 (22)             ; 27 (18)                   ; 0                 ; 0          ; 0    ; 0            ; |top|blink_block_mem:uut|blink_rom:rom_inst|altsyncram:altsyncram_component|altsyncram_ne44:auto_generated|sld_mod_ram_rom:mgl_prim2                                                                                                                                                                                                            ; sld_mod_ram_rom                   ; work         ;
;                   |sld_rom_sr:\ram_rom_logic_gen:name_gen:info_rom_sr|                                                                  ; 17 (17)             ; 9 (9)                     ; 0                 ; 0          ; 0    ; 0            ; |top|blink_block_mem:uut|blink_rom:rom_inst|altsyncram:altsyncram_component|altsyncram_ne44:auto_generated|sld_mod_ram_rom:mgl_prim2|sld_rom_sr:\ram_rom_logic_gen:name_gen:info_rom_sr                                                                                                                                                         ; sld_rom_sr                        ; work         ;
;       |generic_counter:generic_counter_inst|                                                                                            ; 31 (31)             ; 27 (27)                   ; 0                 ; 0          ; 0    ; 0            ; |top|blink_block_mem:uut|generic_counter:generic_counter_inst                                                                                                                                                                                                                                                                                   ; generic_counter                   ; work         ;
;       |seven_seg:seven_seg_inst|                                                                                                        ; 7 (7)               ; 0 (0)                     ; 0                 ; 0          ; 0    ; 0            ; |top|blink_block_mem:uut|seven_seg:seven_seg_inst                                                                                                                                                                                                                                                                                               ; seven_seg                         ; work         ;
;    |sld_hub:auto_hub|                                                                                                                   ; 99 (1)              ; 87 (0)                    ; 0                 ; 0          ; 0    ; 0            ; |top|sld_hub:auto_hub                                                                                                                                                                                                                                                                                                                           ; sld_hub                           ; altera_sld   ;
;       |alt_sld_fab_with_jtag_input:\instrumentation_fabric_with_node_gen:fabric_gen_new_way:with_jtag_input_gen:instrumentation_fabric| ; 98 (0)              ; 87 (0)                    ; 0                 ; 0          ; 0    ; 0            ; |top|sld_hub:auto_hub|alt_sld_fab_with_jtag_input:\instrumentation_fabric_with_node_gen:fabric_gen_new_way:with_jtag_input_gen:instrumentation_fabric                                                                                                                                                                                           ; alt_sld_fab_with_jtag_input       ; altera_sld   ;
;          |alt_sld_fab:instrumentation_fabric|                                                                                           ; 98 (0)              ; 87 (0)                    ; 0                 ; 0          ; 0    ; 0            ; |top|sld_hub:auto_hub|alt_sld_fab_with_jtag_input:\instrumentation_fabric_with_node_gen:fabric_gen_new_way:with_jtag_input_gen:instrumentation_fabric|alt_sld_fab:instrumentation_fabric                                                                                                                                                        ; alt_sld_fab                       ; alt_sld_fab  ;
;             |alt_sld_fab_alt_sld_fab:alt_sld_fab|                                                                                       ; 98 (1)              ; 87 (5)                    ; 0                 ; 0          ; 0    ; 0            ; |top|sld_hub:auto_hub|alt_sld_fab_with_jtag_input:\instrumentation_fabric_with_node_gen:fabric_gen_new_way:with_jtag_input_gen:instrumentation_fabric|alt_sld_fab:instrumentation_fabric|alt_sld_fab_alt_sld_fab:alt_sld_fab                                                                                                                    ; alt_sld_fab_alt_sld_fab           ; alt_sld_fab  ;
;                |alt_sld_fab_alt_sld_fab_sldfabric:sldfabric|                                                                            ; 97 (0)              ; 82 (0)                    ; 0                 ; 0          ; 0    ; 0            ; |top|sld_hub:auto_hub|alt_sld_fab_with_jtag_input:\instrumentation_fabric_with_node_gen:fabric_gen_new_way:with_jtag_input_gen:instrumentation_fabric|alt_sld_fab:instrumentation_fabric|alt_sld_fab_alt_sld_fab:alt_sld_fab|alt_sld_fab_alt_sld_fab_sldfabric:sldfabric                                                                        ; alt_sld_fab_alt_sld_fab_sldfabric ; alt_sld_fab  ;
;                   |sld_jtag_hub:\jtag_hub_gen:real_sld_jtag_hub|                                                                        ; 97 (65)             ; 82 (54)                   ; 0                 ; 0          ; 0    ; 0            ; |top|sld_hub:auto_hub|alt_sld_fab_with_jtag_input:\instrumentation_fabric_with_node_gen:fabric_gen_new_way:with_jtag_input_gen:instrumentation_fabric|alt_sld_fab:instrumentation_fabric|alt_sld_fab_alt_sld_fab:alt_sld_fab|alt_sld_fab_alt_sld_fab_sldfabric:sldfabric|sld_jtag_hub:\jtag_hub_gen:real_sld_jtag_hub                           ; sld_jtag_hub                      ; work         ;
;                      |sld_rom_sr:hub_info_reg|                                                                                          ; 14 (14)             ; 9 (9)                     ; 0                 ; 0          ; 0    ; 0            ; |top|sld_hub:auto_hub|alt_sld_fab_with_jtag_input:\instrumentation_fabric_with_node_gen:fabric_gen_new_way:with_jtag_input_gen:instrumentation_fabric|alt_sld_fab:instrumentation_fabric|alt_sld_fab_alt_sld_fab:alt_sld_fab|alt_sld_fab_alt_sld_fab_sldfabric:sldfabric|sld_jtag_hub:\jtag_hub_gen:real_sld_jtag_hub|sld_rom_sr:hub_info_reg   ; sld_rom_sr                        ; work         ;
;                      |sld_shadow_jsm:shadow_jsm|                                                                                        ; 18 (18)             ; 19 (19)                   ; 0                 ; 0          ; 0    ; 0            ; |top|sld_hub:auto_hub|alt_sld_fab_with_jtag_input:\instrumentation_fabric_with_node_gen:fabric_gen_new_way:with_jtag_input_gen:instrumentation_fabric|alt_sld_fab:instrumentation_fabric|alt_sld_fab_alt_sld_fab:alt_sld_fab|alt_sld_fab_alt_sld_fab_sldfabric:sldfabric|sld_jtag_hub:\jtag_hub_gen:real_sld_jtag_hub|sld_shadow_jsm:shadow_jsm ; sld_shadow_jsm                    ; altera_sld   ;
+-----------------------------------------------------------------------------------------------------------------------------------------+---------------------+---------------------------+-------------------+------------+------+--------------+-------------------------------------------------------------------------------------------------------------------------------------------------------------------------------------------------------------------------------------------------------------------------------------------------------------------------------------------------+-----------------------------------+--------------+
Note: For table entries with two numbers listed, the numbers in parentheses indicate the number of resources of the given type used by the specific entity alone. The numbers listed outside of parentheses indicate the total resources of the given type used by the specific entity and all of its sub-entities in the hierarchy.


+----------------------------------------------------------------------------------------------------------------------------------------------------------------------------------------------------------------------------------------------------------------------------+
; Analysis & Synthesis RAM Summary                                                                                                                                                                                                                                           ;
+----------------------------------------------------------------------------------------------------------------------------------------------+------------+----------------+--------------+--------------+--------------+--------------+------+----------------------------+
; Name                                                                                                                                         ; Type       ; Mode           ; Port A Depth ; Port A Width ; Port B Depth ; Port B Width ; Size ; MIF                        ;
+----------------------------------------------------------------------------------------------------------------------------------------------+------------+----------------+--------------+--------------+--------------+--------------+------+----------------------------+
; blink_block_mem:uut|blink_rom:rom_inst|altsyncram:altsyncram_component|altsyncram_ne44:auto_generated|altsyncram_mq43:altsyncram1|ALTSYNCRAM ; M10K block ; True Dual Port ; 32           ; 4            ; 32           ; 4            ; 128  ; ../../sim/script/blink.mif ;
+----------------------------------------------------------------------------------------------------------------------------------------------+------------+----------------+--------------+--------------+--------------+--------------+------+----------------------------+


+------------------------------------------------------------------------------------------------------------------------------------------------------------------------------------------------------------------------------------------------------------------------------------------------------------------------------------------------------------------------+
; Analysis & Synthesis IP Cores Summary                                                                                                                                                                                                                                                                                                                                  ;
+--------+--------------+---------+--------------+--------------+--------------------------------------------------------------------------------------------------------------------------------------------------------------------------------------------------------------------------------------------------------------------------+-----------------------------+
; Vendor ; IP Core Name ; Version ; Release Date ; License Type ; Entity Instance                                                                                                                                                                                                                                                          ; IP Include File             ;
+--------+--------------+---------+--------------+--------------+--------------------------------------------------------------------------------------------------------------------------------------------------------------------------------------------------------------------------------------------------------------------------+-----------------------------+
; Altera ; Signal Tap   ; N/A     ; N/A          ; Licensed     ; |top|sld_hub:auto_hub|alt_sld_fab_with_jtag_input:\instrumentation_fabric_with_node_gen:fabric_gen_new_way:with_jtag_input_gen:instrumentation_fabric|alt_sld_fab:instrumentation_fabric                                                                                 ;                             ;
; Altera ; Signal Tap   ; N/A     ; N/A          ; Licensed     ; |top|sld_hub:auto_hub|alt_sld_fab_with_jtag_input:\instrumentation_fabric_with_node_gen:fabric_gen_new_way:with_jtag_input_gen:instrumentation_fabric|alt_sld_fab:instrumentation_fabric|alt_sld_fab_alt_sld_fab:alt_sld_fab                                             ;                             ;
; Altera ; Signal Tap   ; N/A     ; N/A          ; Licensed     ; |top|sld_hub:auto_hub|alt_sld_fab_with_jtag_input:\instrumentation_fabric_with_node_gen:fabric_gen_new_way:with_jtag_input_gen:instrumentation_fabric|alt_sld_fab:instrumentation_fabric|alt_sld_fab_alt_sld_fab:alt_sld_fab|alt_sld_fab_alt_sld_fab_presplit:presplit   ;                             ;
; Altera ; Signal Tap   ; N/A     ; N/A          ; Licensed     ; |top|sld_hub:auto_hub|alt_sld_fab_with_jtag_input:\instrumentation_fabric_with_node_gen:fabric_gen_new_way:with_jtag_input_gen:instrumentation_fabric|alt_sld_fab:instrumentation_fabric|alt_sld_fab_alt_sld_fab:alt_sld_fab|alt_sld_fab_alt_sld_fab_sldfabric:sldfabric ;                             ;
; Altera ; Signal Tap   ; N/A     ; N/A          ; Licensed     ; |top|sld_hub:auto_hub|alt_sld_fab_with_jtag_input:\instrumentation_fabric_with_node_gen:fabric_gen_new_way:with_jtag_input_gen:instrumentation_fabric|alt_sld_fab:instrumentation_fabric|alt_sld_fab_alt_sld_fab:alt_sld_fab|alt_sld_fab_alt_sld_fab_splitter:splitter   ;                             ;
; Altera ; ROM: 1-PORT  ; 18.1    ; N/A          ; N/A          ; |top|blink_block_mem:uut|blink_rom:rom_inst                                                                                                                                                                                                                              ; ../../src/rom/blink_rom.vhd ;
+--------+--------------+---------+--------------+--------------+--------------------------------------------------------------------------------------------------------------------------------------------------------------------------------------------------------------------------------------------------------------------------+-----------------------------+


+---------------------------------------------------------------------------------------------------------------------------------------------------------------------------------------------------------+
; Registers Removed During Synthesis                                                                                                                                                                      ;
+----------------------------------------------------------------------------------------------------------------------------------------------------------------+----------------------------------------+
; Register name                                                                                                                                                  ; Reason for Removal                     ;
+----------------------------------------------------------------------------------------------------------------------------------------------------------------+----------------------------------------+
; blink_block_mem:uut|blink_rom:rom_inst|altsyncram:altsyncram_component|altsyncram_ne44:auto_generated|sld_mod_ram_rom:mgl_prim2|ram_rom_data_shift_cntr_reg[2] ; Stuck at GND due to stuck port data_in ;
; Total Number of Removed Registers = 1                                                                                                                          ;                                        ;
+----------------------------------------------------------------------------------------------------------------------------------------------------------------+----------------------------------------+


+------------------------------------------------------+
; General Register Statistics                          ;
+----------------------------------------------+-------+
; Statistic                                    ; Value ;
+----------------------------------------------+-------+
; Total registers                              ; 146   ;
; Number of registers using Synchronous Clear  ; 33    ;
; Number of registers using Synchronous Load   ; 1     ;
; Number of registers using Asynchronous Clear ; 80    ;
; Number of registers using Asynchronous Load  ; 0     ;
; Number of registers using Clock Enable       ; 83    ;
; Number of registers using Preset             ; 0     ;
+----------------------------------------------+-------+


+-------------------------------------------------------------------------------------------------------------------------------------------------------------------------------------------------------------------------------------------------------------------------------------------------------------------------------------------+
; Inverted Register Statistics                                                                                                                                                                                                                                                                                                              ;
+---------------------------------------------------------------------------------------------------------------------------------------------------------------------------------------------------------------------------------------------------------------------------------------------------------------------------------+---------+
; Inverted Register                                                                                                                                                                                                                                                                                                               ; Fan out ;
+---------------------------------------------------------------------------------------------------------------------------------------------------------------------------------------------------------------------------------------------------------------------------------------------------------------------------------+---------+
; sld_hub:auto_hub|alt_sld_fab_with_jtag_input:\instrumentation_fabric_with_node_gen:fabric_gen_new_way:with_jtag_input_gen:instrumentation_fabric|alt_sld_fab:instrumentation_fabric|alt_sld_fab_alt_sld_fab:alt_sld_fab|alt_sld_fab_alt_sld_fab_sldfabric:sldfabric|sld_jtag_hub:\jtag_hub_gen:real_sld_jtag_hub|jtag_ir_reg[1] ; 3       ;
; sld_hub:auto_hub|alt_sld_fab_with_jtag_input:\instrumentation_fabric_with_node_gen:fabric_gen_new_way:with_jtag_input_gen:instrumentation_fabric|alt_sld_fab:instrumentation_fabric|alt_sld_fab_alt_sld_fab:alt_sld_fab|alt_sld_fab_alt_sld_fab_sldfabric:sldfabric|sld_jtag_hub:\jtag_hub_gen:real_sld_jtag_hub|jtag_ir_reg[2] ; 3       ;
; Total number of inverted registers = 2                                                                                                                                                                                                                                                                                          ;         ;
+---------------------------------------------------------------------------------------------------------------------------------------------------------------------------------------------------------------------------------------------------------------------------------------------------------------------------------+---------+


+-----------------------------------------------------------------------------------------------------------------------------------------------------------------------------------------------------------------------------------------------------------------------------------------------------------------------------------------------------------------------------------------------------------------------------------------------------------------------------+
; Multiplexer Restructuring Statistics (Restructuring Performed)                                                                                                                                                                                                                                                                                                                                                                                                              ;
+--------------------+-----------+---------------+----------------------+------------------------+------------+---------------------------------------------------------------------------------------------------------------------------------------------------------------------------------------------------------------------------------------------------------------------------------------------------------------------------------------------------------------+
; Multiplexer Inputs ; Bus Width ; Baseline Area ; Area if Restructured ; Saving if Restructured ; Registered ; Example Multiplexer Output                                                                                                                                                                                                                                                                                                                                    ;
+--------------------+-----------+---------------+----------------------+------------------------+------------+---------------------------------------------------------------------------------------------------------------------------------------------------------------------------------------------------------------------------------------------------------------------------------------------------------------------------------------------------------------+
; 3:1                ; 4 bits    ; 8 LEs         ; 4 LEs                ; 4 LEs                  ; Yes        ; |top|blink_block_mem:uut|blink_rom:rom_inst|altsyncram:altsyncram_component|altsyncram_ne44:auto_generated|sld_mod_ram_rom:mgl_prim2|ram_rom_data_reg[0]                                                                                                                                                                                                      ;
; 3:1                ; 3 bits    ; 6 LEs         ; 3 LEs                ; 3 LEs                  ; Yes        ; |top|blink_block_mem:uut|blink_rom:rom_inst|altsyncram:altsyncram_component|altsyncram_ne44:auto_generated|sld_mod_ram_rom:mgl_prim2|ram_rom_data_shift_cntr_reg[2]                                                                                                                                                                                           ;
; 3:1                ; 5 bits    ; 10 LEs        ; 5 LEs                ; 5 LEs                  ; Yes        ; |top|blink_block_mem:uut|blink_rom:rom_inst|altsyncram:altsyncram_component|altsyncram_ne44:auto_generated|sld_mod_ram_rom:mgl_prim2|ram_rom_addr_reg[0]                                                                                                                                                                                                      ;
; 4:1                ; 5 bits    ; 10 LEs        ; 10 LEs               ; 0 LEs                  ; Yes        ; |top|blink_block_mem:uut|blink_rom:rom_inst|altsyncram:altsyncram_component|altsyncram_ne44:auto_generated|sld_mod_ram_rom:mgl_prim2|sld_rom_sr:\ram_rom_logic_gen:name_gen:info_rom_sr|word_counter[0]                                                                                                                                                       ;
; 26:1               ; 4 bits    ; 68 LEs        ; 56 LEs               ; 12 LEs                 ; Yes        ; |top|blink_block_mem:uut|blink_rom:rom_inst|altsyncram:altsyncram_component|altsyncram_ne44:auto_generated|sld_mod_ram_rom:mgl_prim2|sld_rom_sr:\ram_rom_logic_gen:name_gen:info_rom_sr|WORD_SR[0]                                                                                                                                                            ;
; 3:1                ; 7 bits    ; 14 LEs        ; 7 LEs                ; 7 LEs                  ; Yes        ; |top|sld_hub:auto_hub|alt_sld_fab_with_jtag_input:\instrumentation_fabric_with_node_gen:fabric_gen_new_way:with_jtag_input_gen:instrumentation_fabric|alt_sld_fab:instrumentation_fabric|alt_sld_fab_alt_sld_fab:alt_sld_fab|alt_sld_fab_alt_sld_fab_sldfabric:sldfabric|sld_jtag_hub:\jtag_hub_gen:real_sld_jtag_hub|irsr_reg[2]                             ;
; 3:1                ; 2 bits    ; 4 LEs         ; 2 LEs                ; 2 LEs                  ; Yes        ; |top|sld_hub:auto_hub|alt_sld_fab_with_jtag_input:\instrumentation_fabric_with_node_gen:fabric_gen_new_way:with_jtag_input_gen:instrumentation_fabric|alt_sld_fab:instrumentation_fabric|alt_sld_fab_alt_sld_fab:alt_sld_fab|alt_sld_fab_alt_sld_fab_sldfabric:sldfabric|sld_jtag_hub:\jtag_hub_gen:real_sld_jtag_hub|hub_minor_ver_reg[0]                    ;
; 3:1                ; 2 bits    ; 4 LEs         ; 2 LEs                ; 2 LEs                  ; Yes        ; |top|sld_hub:auto_hub|alt_sld_fab_with_jtag_input:\instrumentation_fabric_with_node_gen:fabric_gen_new_way:with_jtag_input_gen:instrumentation_fabric|alt_sld_fab:instrumentation_fabric|alt_sld_fab_alt_sld_fab:alt_sld_fab|alt_sld_fab_alt_sld_fab_sldfabric:sldfabric|sld_jtag_hub:\jtag_hub_gen:real_sld_jtag_hub|hub_minor_ver_reg[1]                    ;
; 4:1                ; 5 bits    ; 10 LEs        ; 10 LEs               ; 0 LEs                  ; Yes        ; |top|sld_hub:auto_hub|alt_sld_fab_with_jtag_input:\instrumentation_fabric_with_node_gen:fabric_gen_new_way:with_jtag_input_gen:instrumentation_fabric|alt_sld_fab:instrumentation_fabric|alt_sld_fab_alt_sld_fab:alt_sld_fab|alt_sld_fab_alt_sld_fab_sldfabric:sldfabric|sld_jtag_hub:\jtag_hub_gen:real_sld_jtag_hub|mixer_addr_reg_internal[2]              ;
; 4:1                ; 5 bits    ; 10 LEs        ; 10 LEs               ; 0 LEs                  ; Yes        ; |top|sld_hub:auto_hub|alt_sld_fab_with_jtag_input:\instrumentation_fabric_with_node_gen:fabric_gen_new_way:with_jtag_input_gen:instrumentation_fabric|alt_sld_fab:instrumentation_fabric|alt_sld_fab_alt_sld_fab:alt_sld_fab|alt_sld_fab_alt_sld_fab_sldfabric:sldfabric|sld_jtag_hub:\jtag_hub_gen:real_sld_jtag_hub|sld_rom_sr:hub_info_reg|word_counter[0] ;
; 34:1               ; 4 bits    ; 88 LEs        ; 64 LEs               ; 24 LEs                 ; Yes        ; |top|sld_hub:auto_hub|alt_sld_fab_with_jtag_input:\instrumentation_fabric_with_node_gen:fabric_gen_new_way:with_jtag_input_gen:instrumentation_fabric|alt_sld_fab:instrumentation_fabric|alt_sld_fab_alt_sld_fab:alt_sld_fab|alt_sld_fab_alt_sld_fab_sldfabric:sldfabric|sld_jtag_hub:\jtag_hub_gen:real_sld_jtag_hub|design_hash_reg[2]                      ;
; 20:1               ; 4 bits    ; 52 LEs        ; 32 LEs               ; 20 LEs                 ; Yes        ; |top|sld_hub:auto_hub|alt_sld_fab_with_jtag_input:\instrumentation_fabric_with_node_gen:fabric_gen_new_way:with_jtag_input_gen:instrumentation_fabric|alt_sld_fab:instrumentation_fabric|alt_sld_fab_alt_sld_fab:alt_sld_fab|alt_sld_fab_alt_sld_fab_sldfabric:sldfabric|sld_jtag_hub:\jtag_hub_gen:real_sld_jtag_hub|sld_rom_sr:hub_info_reg|WORD_SR[1]      ;
+--------------------+-----------+---------------+----------------------+------------------------+------------+---------------------------------------------------------------------------------------------------------------------------------------------------------------------------------------------------------------------------------------------------------------------------------------------------------------------------------------------------------------+


+----------------------------------------------------------------------------------------------------------------------------------------------------------+
; Source assignments for blink_block_mem:uut|blink_rom:rom_inst|altsyncram:altsyncram_component|altsyncram_ne44:auto_generated|altsyncram_mq43:altsyncram1 ;
+---------------------------------+--------------------+------+--------------------------------------------------------------------------------------------+
; Assignment                      ; Value              ; From ; To                                                                                         ;
+---------------------------------+--------------------+------+--------------------------------------------------------------------------------------------+
; OPTIMIZE_POWER_DURING_SYNTHESIS ; NORMAL_COMPILATION ; -    ; -                                                                                          ;
+---------------------------------+--------------------+------+--------------------------------------------------------------------------------------------+


+------------------------------------------------------------------+
; Parameter Settings for User Entity Instance: blink_block_mem:uut ;
+----------------+----------+--------------------------------------+
; Parameter Name ; Value    ; Type                                 ;
+----------------+----------+--------------------------------------+
; update_rate    ; 50000000 ; Signed Integer                       ;
+----------------+----------+--------------------------------------+
Note: In order to hide this table in the UI and the text report file, please set the "Show Parameter Settings in Synthesis Report" option in "Analysis and Synthesis Settings -> More Settings" to "Off".


+---------------------------------------------------------------------------------------------------------------------+
; Parameter Settings for User Entity Instance: blink_block_mem:uut|blink_rom:rom_inst|altsyncram:altsyncram_component ;
+------------------------------------+----------------------------+---------------------------------------------------+
; Parameter Name                     ; Value                      ; Type                                              ;
+------------------------------------+----------------------------+---------------------------------------------------+
; BYTE_SIZE_BLOCK                    ; 8                          ; Untyped                                           ;
; AUTO_CARRY_CHAINS                  ; ON                         ; AUTO_CARRY                                        ;
; IGNORE_CARRY_BUFFERS               ; OFF                        ; IGNORE_CARRY                                      ;
; AUTO_CASCADE_CHAINS                ; ON                         ; AUTO_CASCADE                                      ;
; IGNORE_CASCADE_BUFFERS             ; OFF                        ; IGNORE_CASCADE                                    ;
; WIDTH_BYTEENA                      ; 1                          ; Untyped                                           ;
; OPERATION_MODE                     ; ROM                        ; Untyped                                           ;
; WIDTH_A                            ; 4                          ; Signed Integer                                    ;
; WIDTHAD_A                          ; 5                          ; Signed Integer                                    ;
; NUMWORDS_A                         ; 32                         ; Signed Integer                                    ;
; OUTDATA_REG_A                      ; CLOCK0                     ; Untyped                                           ;
; ADDRESS_ACLR_A                     ; NONE                       ; Untyped                                           ;
; OUTDATA_ACLR_A                     ; NONE                       ; Untyped                                           ;
; WRCONTROL_ACLR_A                   ; NONE                       ; Untyped                                           ;
; INDATA_ACLR_A                      ; NONE                       ; Untyped                                           ;
; BYTEENA_ACLR_A                     ; NONE                       ; Untyped                                           ;
; WIDTH_B                            ; 1                          ; Signed Integer                                    ;
; WIDTHAD_B                          ; 1                          ; Signed Integer                                    ;
; NUMWORDS_B                         ; 0                          ; Signed Integer                                    ;
; INDATA_REG_B                       ; CLOCK1                     ; Untyped                                           ;
; WRCONTROL_WRADDRESS_REG_B          ; CLOCK1                     ; Untyped                                           ;
; RDCONTROL_REG_B                    ; CLOCK1                     ; Untyped                                           ;
; ADDRESS_REG_B                      ; CLOCK1                     ; Untyped                                           ;
; OUTDATA_REG_B                      ; UNREGISTERED               ; Untyped                                           ;
; BYTEENA_REG_B                      ; CLOCK1                     ; Untyped                                           ;
; INDATA_ACLR_B                      ; NONE                       ; Untyped                                           ;
; WRCONTROL_ACLR_B                   ; NONE                       ; Untyped                                           ;
; ADDRESS_ACLR_B                     ; NONE                       ; Untyped                                           ;
; OUTDATA_ACLR_B                     ; NONE                       ; Untyped                                           ;
; RDCONTROL_ACLR_B                   ; NONE                       ; Untyped                                           ;
; BYTEENA_ACLR_B                     ; NONE                       ; Untyped                                           ;
; WIDTH_BYTEENA_A                    ; 1                          ; Signed Integer                                    ;
; WIDTH_BYTEENA_B                    ; 1                          ; Signed Integer                                    ;
; RAM_BLOCK_TYPE                     ; M10K                       ; Untyped                                           ;
; BYTE_SIZE                          ; 8                          ; Signed Integer                                    ;
; READ_DURING_WRITE_MODE_MIXED_PORTS ; DONT_CARE                  ; Untyped                                           ;
; READ_DURING_WRITE_MODE_PORT_A      ; NEW_DATA_NO_NBE_READ       ; Untyped                                           ;
; READ_DURING_WRITE_MODE_PORT_B      ; NEW_DATA_NO_NBE_READ       ; Untyped                                           ;
; INIT_FILE                          ; ../../sim/script/blink.mif ; Untyped                                           ;
; INIT_FILE_LAYOUT                   ; PORT_A                     ; Untyped                                           ;
; MAXIMUM_DEPTH                      ; 0                          ; Signed Integer                                    ;
; CLOCK_ENABLE_INPUT_A               ; BYPASS                     ; Untyped                                           ;
; CLOCK_ENABLE_INPUT_B               ; NORMAL                     ; Untyped                                           ;
; CLOCK_ENABLE_OUTPUT_A              ; BYPASS                     ; Untyped                                           ;
; CLOCK_ENABLE_OUTPUT_B              ; NORMAL                     ; Untyped                                           ;
; CLOCK_ENABLE_CORE_A                ; USE_INPUT_CLKEN            ; Untyped                                           ;
; CLOCK_ENABLE_CORE_B                ; USE_INPUT_CLKEN            ; Untyped                                           ;
; ENABLE_ECC                         ; FALSE                      ; Untyped                                           ;
; ECC_PIPELINE_STAGE_ENABLED         ; FALSE                      ; Untyped                                           ;
; WIDTH_ECCSTATUS                    ; 3                          ; Signed Integer                                    ;
; DEVICE_FAMILY                      ; Cyclone V                  ; Untyped                                           ;
; CBXI_PARAMETER                     ; altsyncram_ne44            ; Untyped                                           ;
+------------------------------------+----------------------------+---------------------------------------------------+
Note: In order to hide this table in the UI and the text report file, please set the "Show Parameter Settings in Synthesis Report" option in "Analysis and Synthesis Settings -> More Settings" to "Off".


+-------------------------------------------------------------------------------------------------------+
; Parameter Settings for User Entity Instance: blink_block_mem:uut|generic_counter:generic_counter_inst ;
+----------------+----------+---------------------------------------------------------------------------+
; Parameter Name ; Value    ; Type                                                                      ;
+----------------+----------+---------------------------------------------------------------------------+
; max_count      ; 50000000 ; Signed Integer                                                            ;
+----------------+----------+---------------------------------------------------------------------------+
Note: In order to hide this table in the UI and the text report file, please set the "Show Parameter Settings in Synthesis Report" option in "Analysis and Synthesis Settings -> More Settings" to "Off".


+--------------------------------------------------------------------------------------------------------------------+
; altsyncram Parameter Settings by Entity Instance                                                                   ;
+-------------------------------------------+------------------------------------------------------------------------+
; Name                                      ; Value                                                                  ;
+-------------------------------------------+------------------------------------------------------------------------+
; Number of entity instances                ; 1                                                                      ;
; Entity Instance                           ; blink_block_mem:uut|blink_rom:rom_inst|altsyncram:altsyncram_component ;
;     -- OPERATION_MODE                     ; ROM                                                                    ;
;     -- WIDTH_A                            ; 4                                                                      ;
;     -- NUMWORDS_A                         ; 32                                                                     ;
;     -- OUTDATA_REG_A                      ; CLOCK0                                                                 ;
;     -- WIDTH_B                            ; 1                                                                      ;
;     -- NUMWORDS_B                         ; 0                                                                      ;
;     -- ADDRESS_REG_B                      ; CLOCK1                                                                 ;
;     -- OUTDATA_REG_B                      ; UNREGISTERED                                                           ;
;     -- RAM_BLOCK_TYPE                     ; M10K                                                                   ;
;     -- READ_DURING_WRITE_MODE_MIXED_PORTS ; DONT_CARE                                                              ;
+-------------------------------------------+------------------------------------------------------------------------+


+-------------------------------------------------------------------------------------------------------------------------------------------------------------------+
; In-System Memory Content Editor Settings                                                                                                                          ;
+----------------+-------------+-------+-------+------------+-------------------------------------------------------------------------------------------------------+
; Instance Index ; Instance ID ; Width ; Depth ; Mode       ; Hierarchy Location                                                                                    ;
+----------------+-------------+-------+-------+------------+-------------------------------------------------------------------------------------------------------+
; 0              ; BLNK        ; 4     ; 32    ; Read/Write ; blink_block_mem:uut|blink_rom:rom_inst|altsyncram:altsyncram_component|altsyncram_ne44:auto_generated ;
+----------------+-------------+-------+-------+------------+-------------------------------------------------------------------------------------------------------+


+-----------------------------------------------------+
; Post-Synthesis Netlist Statistics for Top Partition ;
+-----------------------+-----------------------------+
; Type                  ; Count                       ;
+-----------------------+-----------------------------+
; arriav_ff             ; 59                          ;
;     CLR               ; 10                          ;
;     CLR SCLR          ; 26                          ;
;     ENA               ; 13                          ;
;     ENA CLR           ; 10                          ;
; arriav_lcell_comb     ; 84                          ;
;     arith             ; 26                          ;
;         1 data inputs ; 26                          ;
;     extend            ; 2                           ;
;         7 data inputs ; 2                           ;
;     normal            ; 56                          ;
;         0 data inputs ; 1                           ;
;         1 data inputs ; 1                           ;
;         2 data inputs ; 3                           ;
;         3 data inputs ; 7                           ;
;         4 data inputs ; 13                          ;
;         5 data inputs ; 15                          ;
;         6 data inputs ; 16                          ;
; boundary_port         ; 36                          ;
; stratixv_ram_block    ; 4                           ;
;                       ;                             ;
; Max LUT depth         ; 3.50                        ;
; Average LUT depth     ; 1.92                        ;
+-----------------------+-----------------------------+


+------------------------------------------------------------------+
; Post-Synthesis Netlist Statistics for Partition sld_hub:auto_hub ;
+-----------------------+------------------------------------------+
; Type                  ; Count                                    ;
+-----------------------+------------------------------------------+
; arriav_ff             ; 87                                       ;
;     CLR               ; 4                                        ;
;     ENA               ; 30                                       ;
;     ENA CLR           ; 29                                       ;
;     ENA CLR SLD       ; 1                                        ;
;     SCLR              ; 7                                        ;
;     plain             ; 16                                       ;
; arriav_lcell_comb     ; 99                                       ;
;     normal            ; 99                                       ;
;         0 data inputs ; 1                                        ;
;         1 data inputs ; 4                                        ;
;         2 data inputs ; 18                                       ;
;         3 data inputs ; 27                                       ;
;         4 data inputs ; 16                                       ;
;         5 data inputs ; 19                                       ;
;         6 data inputs ; 14                                       ;
; boundary_port         ; 103                                      ;
;                       ;                                          ;
; Max LUT depth         ; 3.00                                     ;
; Average LUT depth     ; 1.43                                     ;
+-----------------------+------------------------------------------+


+---------------------------------+
; Elapsed Time Per Partition      ;
+------------------+--------------+
; Partition Name   ; Elapsed Time ;
+------------------+--------------+
; sld_hub:auto_hub ; 00:00:00     ;
; Top              ; 00:00:00     ;
+------------------+--------------+


+-------------------------------+
; Analysis & Synthesis Messages ;
+-------------------------------+
Info: *******************************************************************
Info: Running Quartus Prime Analysis & Synthesis
    Info: Version 18.1.0 Build 625 09/12/2018 SJ Standard Edition
    Info: Processing started: Mon Oct 31 09:32:33 2022
Info: Command: quartus_map --read_settings_files=on --write_settings_files=off blink_block_mem -c blink_block_mem
Warning (18236): Number of processors has not been specified which may cause overloading on shared machines.  Set the global assignment NUM_PARALLEL_PROCESSORS in your QSF to an appropriate value for best performance.
Info (20030): Parallel compilation is enabled and will use 10 of the 10 processors detected
Info (12021): Found 2 design units, including 1 entities, in source file /documents/cpet343/lab7/topost/blink_block_mem/src/rom/blink_rom.vhd
    Info (12022): Found design unit 1: blink_rom-SYN File: S:/Documents/CPET343/Lab7/toPost/blink_block_mem/src/rom/blink_rom.vhd Line: 52
    Info (12023): Found entity 1: blink_rom File: S:/Documents/CPET343/Lab7/toPost/blink_block_mem/src/rom/blink_rom.vhd Line: 42
Info (12021): Found 2 design units, including 1 entities, in source file /documents/cpet343/lab7/topost/blink_block_mem/src/generic_counter.vhd
    Info (12022): Found design unit 1: generic_counter-beh File: S:/Documents/CPET343/Lab7/toPost/blink_block_mem/src/generic_counter.vhd Line: 19
    Info (12023): Found entity 1: generic_counter File: S:/Documents/CPET343/Lab7/toPost/blink_block_mem/src/generic_counter.vhd Line: 8
Info (12021): Found 2 design units, including 1 entities, in source file /documents/cpet343/lab7/topost/blink_block_mem/src/seven_seg.vhd
    Info (12022): Found design unit 1: seven_seg-beh File: S:/Documents/CPET343/Lab7/toPost/blink_block_mem/src/seven_seg.vhd Line: 15
    Info (12023): Found entity 1: seven_seg File: S:/Documents/CPET343/Lab7/toPost/blink_block_mem/src/seven_seg.vhd Line: 8
Info (12021): Found 2 design units, including 1 entities, in source file /documents/cpet343/lab7/topost/blink_block_mem/src/blink_block_mem.vhd
    Info (12022): Found design unit 1: blink_block_mem-beh File: S:/Documents/CPET343/Lab7/toPost/blink_block_mem/src/blink_block_mem.vhd Line: 20
    Info (12023): Found entity 1: blink_block_mem File: S:/Documents/CPET343/Lab7/toPost/blink_block_mem/src/blink_block_mem.vhd Line: 9
Info (12021): Found 2 design units, including 1 entities, in source file /documents/cpet343/lab7/topost/blink_block_mem/src/top.vhd
    Info (12022): Found design unit 1: top-arch File: S:/Documents/CPET343/Lab7/toPost/blink_block_mem/src/top.vhd Line: 16
    Info (12023): Found entity 1: top File: S:/Documents/CPET343/Lab7/toPost/blink_block_mem/src/top.vhd Line: 8
Info (12127): Elaborating entity "top" for the top level hierarchy
Info (12128): Elaborating entity "blink_block_mem" for hierarchy "blink_block_mem:uut" File: S:/Documents/CPET343/Lab7/toPost/blink_block_mem/src/top.vhd Line: 33
Info (12128): Elaborating entity "seven_seg" for hierarchy "blink_block_mem:uut|seven_seg:seven_seg_inst" File: S:/Documents/CPET343/Lab7/toPost/blink_block_mem/src/blink_block_mem.vhd Line: 54
Info (12128): Elaborating entity "blink_rom" for hierarchy "blink_block_mem:uut|blink_rom:rom_inst" File: S:/Documents/CPET343/Lab7/toPost/blink_block_mem/src/blink_block_mem.vhd Line: 60
Info (12128): Elaborating entity "altsyncram" for hierarchy "blink_block_mem:uut|blink_rom:rom_inst|altsyncram:altsyncram_component" File: S:/Documents/CPET343/Lab7/toPost/blink_block_mem/src/rom/blink_rom.vhd Line: 59
Info (12130): Elaborated megafunction instantiation "blink_block_mem:uut|blink_rom:rom_inst|altsyncram:altsyncram_component" File: S:/Documents/CPET343/Lab7/toPost/blink_block_mem/src/rom/blink_rom.vhd Line: 59
Info (12133): Instantiated megafunction "blink_block_mem:uut|blink_rom:rom_inst|altsyncram:altsyncram_component" with the following parameter: File: S:/Documents/CPET343/Lab7/toPost/blink_block_mem/src/rom/blink_rom.vhd Line: 59
    Info (12134): Parameter "address_aclr_a" = "NONE"
    Info (12134): Parameter "address_aclr_b" = "NONE"
    Info (12134): Parameter "address_reg_b" = "CLOCK1"
    Info (12134): Parameter "byte_size" = "8"
    Info (12134): Parameter "byteena_aclr_a" = "UNUSED"
    Info (12134): Parameter "byteena_aclr_b" = "NONE"
    Info (12134): Parameter "byteena_reg_b" = "CLOCK1"
    Info (12134): Parameter "clock_enable_core_a" = "USE_INPUT_CLKEN"
    Info (12134): Parameter "clock_enable_core_b" = "USE_INPUT_CLKEN"
    Info (12134): Parameter "clock_enable_input_a" = "BYPASS"
    Info (12134): Parameter "clock_enable_input_b" = "NORMAL"
    Info (12134): Parameter "clock_enable_output_a" = "BYPASS"
    Info (12134): Parameter "clock_enable_output_b" = "NORMAL"
    Info (12134): Parameter "intended_device_family" = "Cyclone V"
    Info (12134): Parameter "ecc_pipeline_stage_enabled" = "FALSE"
    Info (12134): Parameter "enable_ecc" = "FALSE"
    Info (12134): Parameter "implement_in_les" = "OFF"
    Info (12134): Parameter "indata_aclr_a" = "UNUSED"
    Info (12134): Parameter "indata_aclr_b" = "NONE"
    Info (12134): Parameter "indata_reg_b" = "CLOCK1"
    Info (12134): Parameter "init_file" = "../../sim/script/blink.mif"
    Info (12134): Parameter "init_file_layout" = "PORT_A"
    Info (12134): Parameter "maximum_depth" = "0"
    Info (12134): Parameter "numwords_a" = "32"
    Info (12134): Parameter "numwords_b" = "0"
    Info (12134): Parameter "operation_mode" = "ROM"
    Info (12134): Parameter "outdata_aclr_a" = "NONE"
    Info (12134): Parameter "outdata_aclr_b" = "NONE"
    Info (12134): Parameter "outdata_reg_a" = "CLOCK0"
    Info (12134): Parameter "outdata_reg_b" = "UNREGISTERED"
    Info (12134): Parameter "power_up_uninitialized" = "FALSE"
    Info (12134): Parameter "ram_block_type" = "M10K"
    Info (12134): Parameter "rdcontrol_aclr_b" = "NONE"
    Info (12134): Parameter "rdcontrol_reg_b" = "CLOCK1"
    Info (12134): Parameter "read_during_write_mode_mixed_ports" = "DONT_CARE"
    Info (12134): Parameter "read_during_write_mode_port_a" = "NEW_DATA_NO_NBE_READ"
    Info (12134): Parameter "read_during_write_mode_port_b" = "NEW_DATA_NO_NBE_READ"
    Info (12134): Parameter "stratixiv_m144k_allow_dual_clocks" = "ON"
    Info (12134): Parameter "width_a" = "4"
    Info (12134): Parameter "width_b" = "1"
    Info (12134): Parameter "width_byteena_a" = "1"
    Info (12134): Parameter "width_byteena_b" = "1"
    Info (12134): Parameter "width_eccstatus" = "3"
    Info (12134): Parameter "widthad_a" = "5"
    Info (12134): Parameter "widthad_b" = "1"
    Info (12134): Parameter "wrcontrol_aclr_a" = "UNUSED"
    Info (12134): Parameter "wrcontrol_aclr_b" = "NONE"
    Info (12134): Parameter "wrcontrol_wraddress_reg_b" = "CLOCK1"
    Info (12134): Parameter "lpm_hint" = "ENABLE_RUNTIME_MOD=YES,INSTANCE_NAME=BLNK"
    Info (12134): Parameter "lpm_type" = "altsyncram"
Info (12021): Found 1 design units, including 1 entities, in source file db/altsyncram_ne44.tdf
    Info (12023): Found entity 1: altsyncram_ne44 File: S:/Documents/CPET343/Lab7/toPost/blink_block_mem/hw/project/db/altsyncram_ne44.tdf Line: 27
Info (12128): Elaborating entity "altsyncram_ne44" for hierarchy "blink_block_mem:uut|blink_rom:rom_inst|altsyncram:altsyncram_component|altsyncram_ne44:auto_generated" File: c:/intelfpga/18.1/quartus/libraries/megafunctions/altsyncram.tdf Line: 791
Info (12021): Found 1 design units, including 1 entities, in source file db/altsyncram_mq43.tdf
    Info (12023): Found entity 1: altsyncram_mq43 File: S:/Documents/CPET343/Lab7/toPost/blink_block_mem/hw/project/db/altsyncram_mq43.tdf Line: 27
Info (12128): Elaborating entity "altsyncram_mq43" for hierarchy "blink_block_mem:uut|blink_rom:rom_inst|altsyncram:altsyncram_component|altsyncram_ne44:auto_generated|altsyncram_mq43:altsyncram1" File: S:/Documents/CPET343/Lab7/toPost/blink_block_mem/hw/project/db/altsyncram_ne44.tdf Line: 34
Info (12128): Elaborating entity "sld_mod_ram_rom" for hierarchy "blink_block_mem:uut|blink_rom:rom_inst|altsyncram:altsyncram_component|altsyncram_ne44:auto_generated|sld_mod_ram_rom:mgl_prim2" File: S:/Documents/CPET343/Lab7/toPost/blink_block_mem/hw/project/db/altsyncram_ne44.tdf Line: 35
Info (12130): Elaborated megafunction instantiation "blink_block_mem:uut|blink_rom:rom_inst|altsyncram:altsyncram_component|altsyncram_ne44:auto_generated|sld_mod_ram_rom:mgl_prim2" File: S:/Documents/CPET343/Lab7/toPost/blink_block_mem/hw/project/db/altsyncram_ne44.tdf Line: 35
Info (12133): Instantiated megafunction "blink_block_mem:uut|blink_rom:rom_inst|altsyncram:altsyncram_component|altsyncram_ne44:auto_generated|sld_mod_ram_rom:mgl_prim2" with the following parameter: File: S:/Documents/CPET343/Lab7/toPost/blink_block_mem/hw/project/db/altsyncram_ne44.tdf Line: 35
    Info (12134): Parameter "CVALUE" = "0000"
    Info (12134): Parameter "IS_DATA_IN_RAM" = "1"
    Info (12134): Parameter "IS_READABLE" = "1"
    Info (12134): Parameter "NODE_NAME" = "1112297035"
    Info (12134): Parameter "NUMWORDS" = "32"
    Info (12134): Parameter "SHIFT_COUNT_BITS" = "3"
    Info (12134): Parameter "WIDTH_WORD" = "4"
    Info (12134): Parameter "WIDTHAD" = "5"
Info (12128): Elaborating entity "sld_jtag_endpoint_adapter" for hierarchy "blink_block_mem:uut|blink_rom:rom_inst|altsyncram:altsyncram_component|altsyncram_ne44:auto_generated|sld_mod_ram_rom:mgl_prim2|sld_jtag_endpoint_adapter:jtag_signal_adapter" File: c:/intelfpga/18.1/quartus/libraries/megafunctions/sld_mod_ram_rom.vhd Line: 302
Info (12128): Elaborating entity "sld_jtag_endpoint_adapter_impl" for hierarchy "blink_block_mem:uut|blink_rom:rom_inst|altsyncram:altsyncram_component|altsyncram_ne44:auto_generated|sld_mod_ram_rom:mgl_prim2|sld_jtag_endpoint_adapter:jtag_signal_adapter|sld_jtag_endpoint_adapter_impl:sld_jtag_endpoint_adapter_impl_inst" File: c:/intelfpga/18.1/quartus/libraries/megafunctions/sld_jtag_endpoint_adapter.vhd Line: 232
Info (12128): Elaborating entity "sld_rom_sr" for hierarchy "blink_block_mem:uut|blink_rom:rom_inst|altsyncram:altsyncram_component|altsyncram_ne44:auto_generated|sld_mod_ram_rom:mgl_prim2|sld_rom_sr:\ram_rom_logic_gen:name_gen:info_rom_sr" File: c:/intelfpga/18.1/quartus/libraries/megafunctions/sld_mod_ram_rom.vhd Line: 828
Info (12128): Elaborating entity "generic_counter" for hierarchy "blink_block_mem:uut|generic_counter:generic_counter_inst" File: S:/Documents/CPET343/Lab7/toPost/blink_block_mem/src/blink_block_mem.vhd Line: 67
Info (11170): Starting IP generation for the debug fabric: alt_sld_fab.
Info (11172): 2022.10.31.09:32:45 Progress: Loading sld0fcde87f/alt_sld_fab_wrapper_hw.tcl
Info (11172): Alt_sld_fab.alt_sld_fab: SLD fabric agents which did not specify prefer_host were connected to JTAG
Info (11172): Alt_sld_fab: Generating alt_sld_fab "alt_sld_fab" for QUARTUS_SYNTH
Info (11172): Alt_sld_fab: "alt_sld_fab" instantiated alt_sld_fab "alt_sld_fab"
Info (11172): Presplit: "alt_sld_fab" instantiated altera_super_splitter "presplit"
Info (11172): Splitter: "alt_sld_fab" instantiated altera_sld_splitter "splitter"
Info (11172): Sldfabric: "alt_sld_fab" instantiated altera_sld_jtag_hub "sldfabric"
Info (11172): Ident: "alt_sld_fab" instantiated altera_connection_identification_hub "ident"
Info (11172): Alt_sld_fab: Done "alt_sld_fab" with 6 modules, 6 files
Info (11171): Finished IP generation for the debug fabric: alt_sld_fab.
Info (12021): Found 1 design units, including 1 entities, in source file db/ip/sld0fcde87f/alt_sld_fab.v
    Info (12023): Found entity 1: alt_sld_fab File: S:/Documents/CPET343/Lab7/toPost/blink_block_mem/hw/project/db/ip/sld0fcde87f/alt_sld_fab.v Line: 9
Info (12021): Found 1 design units, including 1 entities, in source file db/ip/sld0fcde87f/submodules/alt_sld_fab_alt_sld_fab.v
    Info (12023): Found entity 1: alt_sld_fab_alt_sld_fab File: S:/Documents/CPET343/Lab7/toPost/blink_block_mem/hw/project/db/ip/sld0fcde87f/submodules/alt_sld_fab_alt_sld_fab.v Line: 9
Info (12021): Found 1 design units, including 1 entities, in source file db/ip/sld0fcde87f/submodules/alt_sld_fab_alt_sld_fab_ident.sv
    Info (12023): Found entity 1: alt_sld_fab_alt_sld_fab_ident File: S:/Documents/CPET343/Lab7/toPost/blink_block_mem/hw/project/db/ip/sld0fcde87f/submodules/alt_sld_fab_alt_sld_fab_ident.sv Line: 33
Info (12021): Found 1 design units, including 1 entities, in source file db/ip/sld0fcde87f/submodules/alt_sld_fab_alt_sld_fab_presplit.sv
    Info (12023): Found entity 1: alt_sld_fab_alt_sld_fab_presplit File: S:/Documents/CPET343/Lab7/toPost/blink_block_mem/hw/project/db/ip/sld0fcde87f/submodules/alt_sld_fab_alt_sld_fab_presplit.sv Line: 3
Info (12021): Found 2 design units, including 1 entities, in source file db/ip/sld0fcde87f/submodules/alt_sld_fab_alt_sld_fab_sldfabric.vhd
    Info (12022): Found design unit 1: alt_sld_fab_alt_sld_fab_sldfabric-rtl File: S:/Documents/CPET343/Lab7/toPost/blink_block_mem/hw/project/db/ip/sld0fcde87f/submodules/alt_sld_fab_alt_sld_fab_sldfabric.vhd Line: 102
    Info (12023): Found entity 1: alt_sld_fab_alt_sld_fab_sldfabric File: S:/Documents/CPET343/Lab7/toPost/blink_block_mem/hw/project/db/ip/sld0fcde87f/submodules/alt_sld_fab_alt_sld_fab_sldfabric.vhd Line: 11
Info (12021): Found 1 design units, including 1 entities, in source file db/ip/sld0fcde87f/submodules/alt_sld_fab_alt_sld_fab_splitter.sv
    Info (12023): Found entity 1: alt_sld_fab_alt_sld_fab_splitter File: S:/Documents/CPET343/Lab7/toPost/blink_block_mem/hw/project/db/ip/sld0fcde87f/submodules/alt_sld_fab_alt_sld_fab_splitter.sv Line: 3
Info (286031): Timing-Driven Synthesis is running on partition "Top"
Critical Warning (18061): Ignored Power-Up Level option on the following registers
    Critical Warning (18010): Register blink_block_mem:uut|address_sig[0] will power up to Low File: S:/Documents/CPET343/Lab7/toPost/blink_block_mem/src/blink_block_mem.vhd Line: 79
Info (286031): Timing-Driven Synthesis is running on partition "sld_hub:auto_hub"
Info (16010): Generating hard_block partition "hard_block:auto_generated_inst"
    Info (16011): Adding 9 node(s), including 0 DDIO, 0 PLL, 0 transceiver and 0 LCELL
Info (21057): Implemented 235 device resources after synthesis - the final resource count might be different
    Info (21058): Implemented 5 input pins
    Info (21059): Implemented 8 output pins
    Info (21061): Implemented 217 logic cells
    Info (21064): Implemented 4 RAM segments
Info: Quartus Prime Analysis & Synthesis was successful. 0 errors, 3 warnings
    Info: Peak virtual memory: 4938 megabytes
    Info: Processing ended: Mon Oct 31 09:32:54 2022
    Info: Elapsed time: 00:00:21
    Info: Total CPU time (on all processors): 00:00:34


